<?xml version="1.0" encoding="UTF-8"?>
<!-- Generated by org.testng.reporters.JUnitReportReporter -->
<testsuite hostname="DESKTOP-N03KDSP" failures="0" tests="1" name="com.training.sanity.tests.TC01_RegisterCourse" time="34.357" errors="0" timestamp="2019-11-15T12:36:59 IST" skipped="0">
  <testcase classname="com.training.sanity.tests.TC01_RegisterCourse" name="validLoginTest" time="34.357"/>
</testsuite> <!-- com.training.sanity.tests.TC01_RegisterCourse -->
