<?xml version="1.0" encoding="UTF-8"?>
<!-- Generated by org.testng.reporters.JUnitReportReporter -->
<testsuite hostname="DESKTOP-N03KDSP" failures="0" tests="1" name="com.training.sanity.tests.LoginTests" time="38.323" errors="0" timestamp="2019-11-13T18:16:58 IST" skipped="0">
  <testcase classname="com.training.sanity.tests.LoginTests" name="validLoginTest" time="38.323"/>
</testsuite> <!-- com.training.sanity.tests.LoginTests -->
